2025-12-27 11:01:20,455 - INFO - ==================================================
2025-12-27 11:01:20,455 - INFO - Starting Redbeam Scraper
2025-12-27 11:01:20,455 - INFO - ==================================================
2025-12-27 11:01:20,457 - INFO - ====== WebDriver manager ======
2025-12-27 11:01:21,586 - INFO - Get LATEST chromedriver version for google-chrome
2025-12-27 11:01:21,877 - INFO - Get LATEST chromedriver version for google-chrome
2025-12-27 11:01:22,115 - INFO - There is no [win64] chromedriver "143.0.7499.169" for browser google-chrome "143.0.7499" in cache
2025-12-27 11:01:22,115 - INFO - Get LATEST chromedriver version for google-chrome
2025-12-27 11:01:22,671 - INFO - WebDriver version 143.0.7499.169 selected
2025-12-27 11:01:22,677 - INFO - Modern chrome version https://storage.googleapis.com/chrome-for-testing-public/143.0.7499.169/win32/chromedriver-win32.zip
2025-12-27 11:01:22,678 - INFO - About to download new driver from https://storage.googleapis.com/chrome-for-testing-public/143.0.7499.169/win32/chromedriver-win32.zip
2025-12-27 11:01:22,987 - INFO - Driver downloading response is 200
2025-12-27 11:01:31,729 - INFO - Get LATEST chromedriver version for google-chrome
2025-12-27 11:01:32,060 - INFO - Driver has been saved in cache [C:\Users\natec\.wdm\drivers\chromedriver\win64\143.0.7499.169]
2025-12-27 11:01:34,395 - INFO - Chrome driver initialized
2025-12-27 11:01:34,397 - INFO - Navigating to https://redbeam.com/login
2025-12-27 11:01:40,735 - INFO - Looking for username field...
2025-12-27 11:02:11,103 - ERROR - Could not find username field. Taking screenshot...
2025-12-27 11:02:11,183 - ERROR - Login error: Username field not found
2025-12-27 11:02:11,278 - ERROR - Scraper failed: Username field not found
2025-12-27 11:02:13,405 - INFO - Browser closed
2025-12-27 11:06:17,637 - INFO - ==================================================
2025-12-27 11:06:17,637 - INFO - Starting Redbeam Scraper
2025-12-27 11:06:17,637 - INFO - ==================================================
2025-12-27 11:06:17,638 - INFO - ====== WebDriver manager ======
2025-12-27 11:06:18,737 - INFO - Get LATEST chromedriver version for google-chrome
2025-12-27 11:06:19,031 - INFO - Get LATEST chromedriver version for google-chrome
2025-12-27 11:06:19,279 - INFO - Driver [C:\Users\natec\.wdm\drivers\chromedriver\win64\143.0.7499.169\chromedriver-win32/chromedriver.exe] found in cache
2025-12-27 11:06:20,440 - INFO - Chrome driver initialized
2025-12-27 11:06:20,441 - INFO - Navigating to https://redbeam.com/login
2025-12-27 11:06:23,837 - INFO - Waiting for page to load and handle redirects...
2025-12-27 11:06:31,848 - INFO - Current URL after navigation: https://redbeam.com/login
2025-12-27 11:06:31,857 - INFO - Saved login page source to login_page_source.html
2025-12-27 11:06:31,857 - INFO - Looking for username field...
2025-12-27 11:06:32,052 - INFO - Trying alternative method: finding all input fields...
2025-12-27 11:06:32,057 - INFO - Found 1 input fields on the page
2025-12-27 11:06:32,133 - ERROR - Could not find username field. Taking screenshot and saving page info...
2025-12-27 11:06:32,222 - ERROR - Found 1 input elements on page:
2025-12-27 11:06:32,237 - ERROR -   Input 0: type=search, name=term, id=, class=hs-search-field__input
2025-12-27 11:06:32,238 - ERROR - Login error: Username field not found
2025-12-27 11:06:32,319 - ERROR - Scraper failed: Username field not found
2025-12-27 11:06:34,419 - INFO - Browser closed
2025-12-27 11:07:02,470 - INFO - ==================================================
2025-12-27 11:07:02,470 - INFO - Starting Redbeam Scraper
2025-12-27 11:07:02,470 - INFO - ==================================================
2025-12-27 11:07:02,471 - INFO - ====== WebDriver manager ======
2025-12-27 11:07:03,584 - INFO - Get LATEST chromedriver version for google-chrome
2025-12-27 11:07:03,825 - INFO - Get LATEST chromedriver version for google-chrome
2025-12-27 11:07:04,057 - INFO - Driver [C:\Users\natec\.wdm\drivers\chromedriver\win64\143.0.7499.169\chromedriver-win32/chromedriver.exe] found in cache
2025-12-27 11:07:05,227 - INFO - Chrome driver initialized
2025-12-27 11:07:05,227 - INFO - Navigating to https://redbeam.com/login
2025-12-27 11:07:07,412 - INFO - Waiting for page to load and handle redirects...
2025-12-27 11:07:15,424 - INFO - Current URL after navigation: https://redbeam.com/login
2025-12-27 11:07:15,433 - INFO - Saved login page source to login_page_source.html
2025-12-27 11:07:15,433 - INFO - Looking for username field...
2025-12-27 11:07:15,624 - INFO - Trying alternative method: finding all input fields...
2025-12-27 11:07:15,629 - INFO - Found 1 input fields on the page
2025-12-27 11:07:15,646 - ERROR - Could not find username field. Taking screenshot and saving page info...
2025-12-27 11:07:15,722 - ERROR - Found 1 input elements on page:
2025-12-27 11:07:15,736 - ERROR -   Input 0: type=search, name=term, id=, class=hs-search-field__input
2025-12-27 11:07:15,736 - ERROR - Login error: Username field not found
2025-12-27 11:07:15,816 - ERROR - Scraper failed: Username field not found
2025-12-27 11:07:17,922 - INFO - Browser closed
2025-12-27 11:09:47,837 - INFO - ==================================================
2025-12-27 11:09:47,838 - INFO - Starting Redbeam Scraper
2025-12-27 11:09:47,838 - INFO - ==================================================
2025-12-27 11:09:47,838 - INFO - ====== WebDriver manager ======
2025-12-27 11:09:48,965 - INFO - Get LATEST chromedriver version for google-chrome
2025-12-27 11:09:49,224 - INFO - Get LATEST chromedriver version for google-chrome
2025-12-27 11:09:49,468 - INFO - Driver [C:\Users\natec\.wdm\drivers\chromedriver\win64\143.0.7499.169\chromedriver-win32/chromedriver.exe] found in cache
2025-12-27 11:09:50,644 - INFO - Chrome driver initialized
2025-12-27 11:09:50,644 - INFO - Navigating to https://redbeam.com/login
2025-12-27 11:09:53,861 - INFO - Waiting for page to load and handle redirects...
2025-12-27 11:10:01,875 - INFO - Current URL after navigation: https://redbeam.com/login
2025-12-27 11:10:01,884 - INFO - Saved login page source to login_page_source.html
2025-12-27 11:10:01,884 - INFO - Looking for username field...
2025-12-27 11:10:02,078 - INFO - Trying alternative method: finding all input fields...
2025-12-27 11:10:02,085 - INFO - Found 1 input fields on the page
2025-12-27 11:10:02,103 - ERROR - Could not find username field. Taking screenshot and saving page info...
2025-12-27 11:10:02,182 - ERROR - Found 1 input elements on page:
2025-12-27 11:10:02,196 - ERROR -   Input 0: type=search, name=term, id=, class=hs-search-field__input
2025-12-27 11:10:02,196 - ERROR - Login error: Username field not found
2025-12-27 11:10:02,277 - ERROR - Scraper failed: Username field not found
2025-12-27 11:10:04,371 - INFO - Browser closed
2025-12-27 11:11:56,437 - INFO - ==================================================
2025-12-27 11:11:56,437 - INFO - Starting Redbeam Scraper
2025-12-27 11:11:56,437 - INFO - ==================================================
2025-12-27 11:11:56,438 - INFO - ====== WebDriver manager ======
2025-12-27 11:11:57,636 - INFO - Get LATEST chromedriver version for google-chrome
2025-12-27 11:11:57,887 - INFO - Get LATEST chromedriver version for google-chrome
2025-12-27 11:11:58,126 - INFO - Driver [C:\Users\natec\.wdm\drivers\chromedriver\win64\143.0.7499.169\chromedriver-win32/chromedriver.exe] found in cache
2025-12-27 11:11:59,300 - INFO - Chrome driver initialized
2025-12-27 11:11:59,300 - INFO - Navigating to https://redbeam.com/login
2025-12-27 11:12:02,003 - INFO - Waiting for redirect to Auth0 login page...
2025-12-27 11:12:32,350 - INFO - No redirect detected, trying direct Auth0 login URL...
2025-12-27 11:12:35,610 - INFO - Waiting for Auth0 login page to load...
2025-12-27 11:12:50,637 - INFO - Current URL: https://login.app.redbeam.com/u/login/identifier?state=hKFo2SBhT1RRZjNrYS01cXEzVzRmTXhUNUlyS3NIOU8zZGxsS6Fur3VuaXZlcnNhbC1sb2dpbqN0aWTZIGZSdDdUTVNKenlNUldUcUNaTElsRHM3N0M1cUo4STZao2NpZNkgMHd4VHdCclh4Z0NwNEk0bXJSUkxBc3FaSVBHYkJFMGs
2025-12-27 11:12:50,637 - INFO - Detected Auth0 login page
2025-12-27 11:12:50,640 - INFO - Saved login page source to login_page_source.html
2025-12-27 11:12:50,640 - INFO - Looking for username field...
2025-12-27 11:12:50,664 - INFO - Found username field with selector: input[name='username']
2025-12-27 11:12:50,707 - INFO - Username entered
2025-12-27 11:12:51,708 - INFO - Looking for password field...
2025-12-27 11:12:51,871 - ERROR - Login error: Password field not found
2025-12-27 11:12:51,930 - ERROR - Scraper failed: Password field not found
2025-12-27 11:12:54,034 - INFO - Browser closed
2025-12-27 11:14:27,776 - INFO - ==================================================
2025-12-27 11:14:27,777 - INFO - Starting Redbeam Scraper
2025-12-27 11:14:27,777 - INFO - ==================================================
2025-12-27 11:14:27,777 - INFO - ====== WebDriver manager ======
2025-12-27 11:14:28,902 - INFO - Get LATEST chromedriver version for google-chrome
2025-12-27 11:14:29,163 - INFO - Get LATEST chromedriver version for google-chrome
2025-12-27 11:14:29,418 - INFO - Driver [C:\Users\natec\.wdm\drivers\chromedriver\win64\143.0.7499.169\chromedriver-win32/chromedriver.exe] found in cache
2025-12-27 11:14:30,584 - INFO - Chrome driver initialized
2025-12-27 11:14:30,584 - INFO - Navigating to https://redbeam.com/login
2025-12-27 11:14:33,416 - INFO - Waiting for redirect to Auth0 login page...
2025-12-27 11:15:03,755 - INFO - No redirect detected, trying direct Auth0 login URL...
2025-12-27 11:15:06,601 - INFO - Waiting for Auth0 login page to load...
2025-12-27 11:15:21,621 - INFO - Current URL: https://login.app.redbeam.com/u/login/identifier?state=hKFo2SB2eHFqbGkwOEpYOWplV0tTaXlKQWNvNGlRNl9VWm1tTaFur3VuaXZlcnNhbC1sb2dpbqN0aWTZIEFmTkQtT2R0TU9vVGlSMXBLSk1KNzZWMFRRaTJxcVBwo2NpZNkgMHd4VHdCclh4Z0NwNEk0bXJSUkxBc3FaSVBHYkJFMGs
2025-12-27 11:15:21,622 - INFO - Detected Auth0 login page
2025-12-27 11:15:21,625 - INFO - Saved login page source to login_page_source.html
2025-12-27 11:15:21,626 - INFO - Looking for username field...
2025-12-27 11:15:21,650 - INFO - Found username field with selector: input[name='username']
2025-12-27 11:15:21,696 - INFO - Username entered
2025-12-27 11:15:23,697 - INFO - Looking for Continue button after username entry...
2025-12-27 11:15:23,717 - INFO - Found Continue button with selector: button[type='submit']
2025-12-27 11:15:24,077 - INFO - Continue button clicked
2025-12-27 11:15:24,077 - INFO - Waiting for password field to appear...
2025-12-27 11:15:29,103 - INFO - Looking for password field...
2025-12-27 11:15:29,119 - INFO - Found password field with selector: input[name='password']
2025-12-27 11:15:29,151 - INFO - Password entered
2025-12-27 11:15:31,152 - INFO - Looking for final Continue/Login button...
2025-12-27 11:15:31,166 - INFO - Found login button with selector: button[type='submit']
2025-12-27 11:15:32,079 - INFO - Login button clicked
2025-12-27 11:15:37,080 - INFO - Waiting for login to complete...
2025-12-27 11:15:37,082 - INFO - Redirected to app.redbeam.com - login successful!
2025-12-27 11:15:42,088 - INFO - Login successful. Current URL: https://app.redbeam.com/g/0/Dashboard
2025-12-27 11:15:42,090 - INFO - Navigating to data page: https://app.redbeam.com/g/0/Assets
2025-12-27 11:15:43,488 - INFO - Waiting for page to load...
2025-12-27 11:15:58,505 - INFO - No tables found. Attempting to extract data from other structures...
2025-12-27 11:15:58,577 - INFO - Extracting text content from page elements...
2025-12-27 11:15:58,583 - WARNING - No data found. Saving page source and screenshot for debugging...
2025-12-27 11:15:58,677 - INFO - Saved screenshot and page source for analysis
2025-12-27 11:15:59,037 - ERROR - Error saving to Excel: Cannot save file into a non-existent directory: 'C:\Users\natec\Desktop'
2025-12-27 11:15:59,037 - ERROR - Scraper failed: Cannot save file into a non-existent directory: 'C:\Users\natec\Desktop'
2025-12-27 11:16:01,196 - INFO - Browser closed
2025-12-27 11:18:46,995 - INFO - ==================================================
2025-12-27 11:18:46,995 - INFO - Starting Redbeam Scraper
2025-12-27 11:18:46,995 - INFO - ==================================================
2025-12-27 11:18:46,995 - INFO - ====== WebDriver manager ======
2025-12-27 11:18:48,114 - INFO - Get LATEST chromedriver version for google-chrome
2025-12-27 11:18:48,366 - INFO - Get LATEST chromedriver version for google-chrome
2025-12-27 11:18:48,613 - INFO - Driver [C:\Users\natec\.wdm\drivers\chromedriver\win64\143.0.7499.169\chromedriver-win32/chromedriver.exe] found in cache
2025-12-27 11:18:49,762 - INFO - Chrome driver initialized
2025-12-27 11:18:49,762 - INFO - Navigating to https://redbeam.com/login
2025-12-27 11:18:52,746 - INFO - Waiting for redirect to Auth0 login page...
2025-12-27 11:19:23,097 - INFO - No redirect detected, trying direct Auth0 login URL...
2025-12-27 11:19:26,557 - INFO - Waiting for Auth0 login page to load...
2025-12-27 11:19:41,576 - INFO - Current URL: https://login.app.redbeam.com/u/login/identifier?state=hKFo2SBqS2p3QjdkOTRPclRpTzBYcDVHQm9HNjBCeGsyX3ZNdKFur3VuaXZlcnNhbC1sb2dpbqN0aWTZIHE3eHdKcndvZWczcW5XWDlCbmt3bENuVnJiaUpYZEdIo2NpZNkgMHd4VHdCclh4Z0NwNEk0bXJSUkxBc3FaSVBHYkJFMGs
2025-12-27 11:19:41,576 - INFO - Detected Auth0 login page
2025-12-27 11:19:41,579 - INFO - Saved login page source to login_page_source.html
2025-12-27 11:19:41,580 - INFO - Looking for username field...
2025-12-27 11:19:41,603 - INFO - Found username field with selector: input[name='username']
2025-12-27 11:19:41,647 - INFO - Username entered
2025-12-27 11:19:43,649 - INFO - Looking for Continue button after username entry...
2025-12-27 11:19:43,664 - INFO - Found Continue button with selector: button[type='submit']
2025-12-27 11:19:44,041 - INFO - Continue button clicked
2025-12-27 11:19:44,041 - INFO - Waiting for password field to appear...
2025-12-27 11:19:49,049 - INFO - Looking for password field...
2025-12-27 11:19:49,064 - INFO - Found password field with selector: input[name='password']
2025-12-27 11:19:49,095 - INFO - Password entered
2025-12-27 11:19:51,095 - INFO - Looking for final Continue/Login button...
2025-12-27 11:19:51,109 - INFO - Found login button with selector: button[type='submit']
2025-12-27 11:19:51,952 - INFO - Login button clicked
2025-12-27 11:19:56,953 - INFO - Waiting for login to complete...
2025-12-27 11:19:56,956 - INFO - Redirected to app.redbeam.com - login successful!
2025-12-27 11:20:01,958 - INFO - Login successful. Current URL: https://app.redbeam.com/g/0/Dashboard
2025-12-27 11:20:01,961 - INFO - Navigating to data page: https://app.redbeam.com/g/0/Assets
2025-12-27 11:20:03,403 - INFO - Waiting for page to load...
2025-12-27 11:20:18,420 - INFO - No tables found. Attempting to extract data from other structures...
2025-12-27 11:20:18,499 - INFO - Extracting text content from page elements...
2025-12-27 11:20:18,506 - WARNING - No data found. Saving page source and screenshot for debugging...
2025-12-27 11:20:18,601 - INFO - Saved screenshot and page source for analysis
2025-12-27 11:20:18,799 - INFO - Data saved to C:\Users\natec\OneDrive\Desktop\redbeam scraper\redbeam_data_20251227_112018.xlsx
2025-12-27 11:20:18,799 - INFO - ==================================================
2025-12-27 11:20:18,799 - INFO - Scraping completed successfully!
2025-12-27 11:20:18,799 - INFO - Data saved to: C:\Users\natec\OneDrive\Desktop\redbeam scraper\redbeam_data_20251227_112018.xlsx
2025-12-27 11:20:18,800 - INFO - ==================================================
2025-12-27 11:20:20,979 - INFO - Browser closed
2025-12-27 11:26:12,301 - INFO - ==================================================
2025-12-27 11:26:12,301 - INFO - Starting Redbeam Scraper
2025-12-27 11:26:12,301 - INFO - ==================================================
2025-12-27 11:26:12,301 - INFO - ====== WebDriver manager ======
2025-12-27 11:26:13,557 - INFO - Get LATEST chromedriver version for google-chrome
2025-12-27 11:26:13,812 - INFO - Get LATEST chromedriver version for google-chrome
2025-12-27 11:26:14,685 - INFO - Driver [C:\Users\natec\.wdm\drivers\chromedriver\win64\143.0.7499.169\chromedriver-win32/chromedriver.exe] found in cache
2025-12-27 11:26:15,904 - INFO - Chrome driver initialized
2025-12-27 11:26:15,904 - INFO - Navigating to https://redbeam.com/login
2025-12-27 11:26:18,571 - INFO - Waiting for redirect to Auth0 login page...
2025-12-27 11:26:48,918 - INFO - No redirect detected, trying direct Auth0 login URL...
2025-12-27 11:26:51,682 - INFO - Waiting for Auth0 login page to load...
2025-12-27 11:27:06,710 - INFO - Current URL: https://login.app.redbeam.com/u/login/identifier?state=hKFo2SBsMXI5MnpxbHJPRFlTWTdxeU9MOGtTbWNVeFM1WVZRNaFur3VuaXZlcnNhbC1sb2dpbqN0aWTZIF8wcnlBVWRVTlpzT2Z0VkpTT2RzdlgzeEc0YzYyTnlPo2NpZNkgMHd4VHdCclh4Z0NwNEk0bXJSUkxBc3FaSVBHYkJFMGs
2025-12-27 11:27:06,710 - INFO - Detected Auth0 login page
2025-12-27 11:27:06,713 - INFO - Saved login page source to login_page_source.html
2025-12-27 11:27:06,713 - INFO - Looking for username field...
2025-12-27 11:27:06,752 - INFO - Found username field with selector: input[name='username']
2025-12-27 11:27:06,798 - INFO - Username entered
2025-12-27 11:27:08,798 - INFO - Looking for Continue button after username entry...
2025-12-27 11:27:08,816 - INFO - Found Continue button with selector: button[type='submit']
2025-12-27 11:27:09,169 - INFO - Continue button clicked
2025-12-27 11:27:09,169 - INFO - Waiting for password field to appear...
2025-12-27 11:27:14,178 - INFO - Looking for password field...
2025-12-27 11:27:14,192 - INFO - Found password field with selector: input[name='password']
2025-12-27 11:27:14,226 - INFO - Password entered
2025-12-27 11:27:16,227 - INFO - Looking for final Continue/Login button...
2025-12-27 11:27:16,240 - INFO - Found login button with selector: button[type='submit']
2025-12-27 11:27:17,186 - INFO - Login button clicked
2025-12-27 11:27:22,188 - INFO - Waiting for login to complete...
2025-12-27 11:27:22,190 - INFO - Redirected to app.redbeam.com - login successful!
2025-12-27 11:27:27,194 - INFO - Login successful. Current URL: https://app.redbeam.com/g/0/Dashboard
2025-12-27 11:27:27,194 - INFO - Navigating to Reports page: https://app.redbeam.com/g/0/Reports/All Assets
2025-12-27 11:27:28,218 - INFO - Waiting for Reports page to load...
2025-12-27 11:27:43,232 - INFO - Waiting for report data to load...
2025-12-27 11:27:48,232 - INFO - Looking for export button...
2025-12-27 11:27:48,416 - ERROR - Export button not found. Screenshot saved.
2025-12-27 11:27:48,416 - ERROR - Error exporting data: Export button not found on Reports page
2025-12-27 11:27:48,519 - ERROR - Scraper failed: Export button not found on Reports page
2025-12-27 11:27:50,667 - INFO - Browser closed
2025-12-27 11:30:33,686 - INFO - ==================================================
2025-12-27 11:30:33,686 - INFO - Starting Redbeam Scraper
2025-12-27 11:30:33,686 - INFO - ==================================================
2025-12-27 11:30:33,686 - INFO - ====== WebDriver manager ======
2025-12-27 11:30:34,988 - INFO - Get LATEST chromedriver version for google-chrome
2025-12-27 11:30:35,250 - INFO - Get LATEST chromedriver version for google-chrome
2025-12-27 11:30:35,496 - INFO - Driver [C:\Users\natec\.wdm\drivers\chromedriver\win64\143.0.7499.169\chromedriver-win32/chromedriver.exe] found in cache
2025-12-27 11:30:36,661 - INFO - Chrome driver initialized
2025-12-27 11:30:36,662 - INFO - Navigating to https://redbeam.com/login
2025-12-27 11:30:39,675 - INFO - Waiting for redirect to Auth0 login page...
2025-12-27 11:31:10,027 - INFO - No redirect detected, trying direct Auth0 login URL...
2025-12-27 11:31:14,081 - INFO - Waiting for Auth0 login page to load...
2025-12-27 11:31:29,096 - INFO - Current URL: https://login.app.redbeam.com/u/login/identifier?state=hKFo2SAwbmFCTVYyOFlfOU5iUEliTXpycjl1aWgwRkZwU1FhSqFur3VuaXZlcnNhbC1sb2dpbqN0aWTZIDZPdzdhR0x0QjZSUnlqdXA5LWJGa1Y0dFhqa2FHSzZro2NpZNkgMHd4VHdCclh4Z0NwNEk0bXJSUkxBc3FaSVBHYkJFMGs
2025-12-27 11:31:29,096 - INFO - Detected Auth0 login page
2025-12-27 11:31:29,100 - INFO - Saved login page source to login_page_source.html
2025-12-27 11:31:29,100 - INFO - Looking for username field...
2025-12-27 11:31:29,123 - INFO - Found username field with selector: input[name='username']
2025-12-27 11:31:29,168 - INFO - Username entered
2025-12-27 11:31:31,168 - INFO - Looking for Continue button after username entry...
2025-12-27 11:31:31,183 - INFO - Found Continue button with selector: button[type='submit']
2025-12-27 11:31:31,570 - INFO - Continue button clicked
2025-12-27 11:31:31,570 - INFO - Waiting for password field to appear...
2025-12-27 11:31:36,589 - INFO - Looking for password field...
2025-12-27 11:31:36,605 - INFO - Found password field with selector: input[name='password']
2025-12-27 11:31:36,636 - INFO - Password entered
2025-12-27 11:31:38,636 - INFO - Looking for final Continue/Login button...
2025-12-27 11:31:38,649 - INFO - Found login button with selector: button[type='submit']
2025-12-27 11:31:39,612 - INFO - Login button clicked
2025-12-27 11:31:44,613 - INFO - Waiting for login to complete...
2025-12-27 11:31:44,616 - INFO - Redirected to app.redbeam.com - login successful!
2025-12-27 11:31:49,620 - INFO - Login successful. Current URL: https://app.redbeam.com/g/0/Dashboard
2025-12-27 11:31:49,620 - INFO - Navigating to Reports page: https://app.redbeam.com/g/0/Reports/All Assets
2025-12-27 11:31:49,769 - INFO - Waiting for Reports page to load...
2025-12-27 11:32:04,779 - INFO - Waiting for report data to load...
2025-12-27 11:32:09,780 - INFO - Looking for export button (cloud icon with down arrow)...
2025-12-27 11:32:10,026 - ERROR - Export button not found. Screenshot saved.
2025-12-27 11:32:10,026 - ERROR - Error exporting data: Export button not found on Reports page
2025-12-27 11:32:10,124 - ERROR - Scraper failed: Export button not found on Reports page
2025-12-27 11:32:12,263 - INFO - Browser closed
2025-12-27 11:35:32,086 - INFO - ==================================================
2025-12-27 11:35:32,087 - INFO - Starting Redbeam Scraper
2025-12-27 11:35:32,087 - INFO - ==================================================
2025-12-27 11:35:32,087 - INFO - ====== WebDriver manager ======
2025-12-27 11:35:33,323 - INFO - Get LATEST chromedriver version for google-chrome
2025-12-27 11:35:33,977 - INFO - Get LATEST chromedriver version for google-chrome
2025-12-27 11:35:34,225 - INFO - Driver [C:\Users\natec\.wdm\drivers\chromedriver\win64\143.0.7499.169\chromedriver-win32/chromedriver.exe] found in cache
2025-12-27 11:35:35,420 - INFO - Chrome driver initialized
2025-12-27 11:35:35,420 - INFO - Navigating to https://redbeam.com/login
2025-12-27 11:35:38,881 - INFO - Waiting for redirect to Auth0 login page...
2025-12-27 11:36:09,243 - INFO - No redirect detected, trying direct Auth0 login URL...
2025-12-27 11:36:12,904 - INFO - Waiting for Auth0 login page to load...
2025-12-27 11:36:27,924 - INFO - Current URL: https://login.app.redbeam.com/u/login/identifier?state=hKFo2SBZMTlGeC1qdDBBTnNKN2c2VDNNWmJnUTB0QmhlS3ZuQ6Fur3VuaXZlcnNhbC1sb2dpbqN0aWTZIGhfLWpYTm1vUmFSUTA5MFd5aXdlSmlaUnM3TGhCeEVNo2NpZNkgMHd4VHdCclh4Z0NwNEk0bXJSUkxBc3FaSVBHYkJFMGs
2025-12-27 11:36:27,924 - INFO - Detected Auth0 login page
2025-12-27 11:36:27,928 - INFO - Saved login page source to login_page_source.html
2025-12-27 11:36:27,928 - INFO - Looking for username field...
2025-12-27 11:36:27,951 - INFO - Found username field with selector: input[name='username']
2025-12-27 11:36:27,997 - INFO - Username entered
2025-12-27 11:36:29,998 - INFO - Looking for Continue button after username entry...
2025-12-27 11:36:30,014 - INFO - Found Continue button with selector: button[type='submit']
2025-12-27 11:36:30,437 - INFO - Continue button clicked
2025-12-27 11:36:30,437 - INFO - Waiting for password field to appear...
2025-12-27 11:36:35,444 - INFO - Looking for password field...
2025-12-27 11:36:35,461 - INFO - Found password field with selector: input[name='password']
2025-12-27 11:36:35,493 - INFO - Password entered
2025-12-27 11:36:37,495 - INFO - Looking for final Continue/Login button...
2025-12-27 11:36:37,506 - INFO - Found login button with selector: button[type='submit']
2025-12-27 11:36:38,553 - INFO - Login button clicked
2025-12-27 11:36:43,553 - INFO - Waiting for login to complete...
2025-12-27 11:36:43,557 - INFO - Redirected to app.redbeam.com - login successful!
2025-12-27 11:36:48,561 - INFO - Login successful. Current URL: https://app.redbeam.com/g/0/Dashboard
2025-12-27 11:36:48,562 - INFO - Navigating to Reports page: https://app.redbeam.com/g/0/Reports/All Assets
2025-12-27 11:36:48,730 - INFO - Waiting for Reports page to load...
2025-12-27 11:37:03,748 - INFO - Waiting for report data to load...
2025-12-27 11:37:08,748 - INFO - Looking for export button (cloud icon with down arrow)...
2025-12-27 11:37:08,748 - INFO - Searching for buttons with SVG icons...
2025-12-27 11:37:08,758 - INFO - Found 31 buttons on the page
2025-12-27 11:37:09,527 - INFO - Searching for buttons near Records text...
2025-12-27 11:37:09,557 - INFO - Found button near Records text
2025-12-27 11:37:09,557 - INFO - Clicking export button...
2025-12-27 11:37:11,612 - INFO - Looking for Excel export option...
2025-12-27 11:37:11,763 - ERROR - Excel export option not found. Screenshot saved.
2025-12-27 11:37:11,763 - ERROR - Error exporting data: Excel export option not found in dropdown
2025-12-27 11:37:11,869 - ERROR - Scraper failed: Excel export option not found in dropdown
2025-12-27 11:37:14,011 - INFO - Browser closed
2025-12-27 11:38:48,245 - INFO - ==================================================
2025-12-27 11:38:48,245 - INFO - Starting Redbeam Scraper
2025-12-27 11:38:48,245 - INFO - ==================================================
2025-12-27 11:38:48,246 - INFO - ====== WebDriver manager ======
2025-12-27 11:38:49,423 - INFO - Get LATEST chromedriver version for google-chrome
2025-12-27 11:38:49,680 - INFO - Get LATEST chromedriver version for google-chrome
2025-12-27 11:38:51,128 - INFO - Driver [C:\Users\natec\.wdm\drivers\chromedriver\win64\143.0.7499.169\chromedriver-win32/chromedriver.exe] found in cache
2025-12-27 11:38:52,299 - INFO - Chrome driver initialized
2025-12-27 11:38:52,299 - INFO - Navigating to https://redbeam.com/login
2025-12-27 11:38:55,750 - INFO - Waiting for redirect to Auth0 login page...
2025-12-27 11:39:26,096 - INFO - No redirect detected, trying direct Auth0 login URL...
2025-12-27 11:39:29,328 - INFO - Waiting for Auth0 login page to load...
2025-12-27 11:39:44,354 - INFO - Current URL: https://login.app.redbeam.com/u/login/identifier?state=hKFo2SBETWU2RDlHMDZJTUlYS0hoUFVoVk1aTzd0cVRRSU1acaFur3VuaXZlcnNhbC1sb2dpbqN0aWTZIGg1YUhVNktoRVB3UVBUaTJKUkFuYWF3VDB0eHpjbHJWo2NpZNkgMHd4VHdCclh4Z0NwNEk0bXJSUkxBc3FaSVBHYkJFMGs
2025-12-27 11:39:44,354 - INFO - Detected Auth0 login page
2025-12-27 11:39:44,358 - INFO - Saved login page source to login_page_source.html
2025-12-27 11:39:44,358 - INFO - Looking for username field...
2025-12-27 11:39:44,380 - INFO - Found username field with selector: input[name='username']
2025-12-27 11:39:44,426 - INFO - Username entered
2025-12-27 11:39:46,426 - INFO - Looking for Continue button after username entry...
2025-12-27 11:39:46,442 - INFO - Found Continue button with selector: button[type='submit']
2025-12-27 11:39:46,840 - INFO - Continue button clicked
2025-12-27 11:39:46,840 - INFO - Waiting for password field to appear...
2025-12-27 11:39:51,848 - INFO - Looking for password field...
2025-12-27 11:39:51,862 - INFO - Found password field with selector: input[name='password']
2025-12-27 11:39:51,893 - INFO - Password entered
2025-12-27 11:39:53,894 - INFO - Looking for final Continue/Login button...
2025-12-27 11:39:53,906 - INFO - Found login button with selector: button[type='submit']
2025-12-27 11:39:54,835 - INFO - Login button clicked
2025-12-27 11:39:59,837 - INFO - Waiting for login to complete...
2025-12-27 11:39:59,841 - INFO - Redirected to app.redbeam.com - login successful!
2025-12-27 11:40:04,845 - INFO - Login successful. Current URL: https://app.redbeam.com/g/0/Dashboard
2025-12-27 11:40:04,845 - INFO - Navigating to Reports page: https://app.redbeam.com/g/0/Reports/All Assets
2025-12-27 11:40:06,164 - INFO - Waiting for Reports page to load...
2025-12-27 11:40:21,190 - INFO - Waiting for report data to load...
2025-12-27 11:40:26,191 - INFO - Looking for export button (cloud icon with down arrow)...
2025-12-27 11:40:26,191 - INFO - Searching for buttons with SVG icons...
2025-12-27 11:40:26,199 - INFO - Found 31 buttons on the page
2025-12-27 11:40:26,964 - INFO - Searching for buttons near Records text...
2025-12-27 11:40:26,996 - INFO - Found button near Records text
2025-12-27 11:40:26,996 - INFO - Clicking export button...
2025-12-27 11:40:29,050 - INFO - Looking for CSV export option...
2025-12-27 11:40:29,223 - ERROR - CSV export option not found. Screenshot saved.
2025-12-27 11:40:29,223 - ERROR - Error exporting data: CSV export option not found in dropdown
2025-12-27 11:40:29,338 - ERROR - Scraper failed: CSV export option not found in dropdown
2025-12-27 11:40:31,507 - INFO - Browser closed
2025-12-27 11:42:58,044 - INFO - ==================================================
2025-12-27 11:42:58,044 - INFO - Starting Redbeam Scraper
2025-12-27 11:42:58,044 - INFO - ==================================================
2025-12-27 11:42:58,044 - INFO - ====== WebDriver manager ======
2025-12-27 11:42:59,132 - INFO - Get LATEST chromedriver version for google-chrome
2025-12-27 11:42:59,384 - INFO - Get LATEST chromedriver version for google-chrome
2025-12-27 11:42:59,636 - INFO - Driver [C:\Users\natec\.wdm\drivers\chromedriver\win64\143.0.7499.169\chromedriver-win32/chromedriver.exe] found in cache
2025-12-27 11:43:00,807 - INFO - Chrome driver initialized
2025-12-27 11:43:00,807 - INFO - Navigating to https://redbeam.com/login
2025-12-27 11:43:08,199 - INFO - Waiting for redirect to Auth0 login page...
2025-12-27 11:43:38,548 - INFO - No redirect detected, trying direct Auth0 login URL...
2025-12-27 11:43:41,716 - INFO - Waiting for Auth0 login page to load...
2025-12-27 11:43:56,742 - INFO - Current URL: https://login.app.redbeam.com/u/login/identifier?state=hKFo2SBYVnZ1SWxCZDFkMGFwM29zV056V2tub0x1YmZobVRYWKFur3VuaXZlcnNhbC1sb2dpbqN0aWTZIC1kZGhmdFNJTHl0cGJDNTNPai1iSlFXd2kwWFpmZ1pXo2NpZNkgMHd4VHdCclh4Z0NwNEk0bXJSUkxBc3FaSVBHYkJFMGs
2025-12-27 11:43:56,743 - INFO - Detected Auth0 login page
2025-12-27 11:43:56,746 - INFO - Saved login page source to login_page_source.html
2025-12-27 11:43:56,747 - INFO - Looking for username field...
2025-12-27 11:43:56,770 - INFO - Found username field with selector: input[name='username']
2025-12-27 11:43:56,814 - INFO - Username entered
2025-12-27 11:43:58,815 - INFO - Looking for Continue button after username entry...
2025-12-27 11:43:58,835 - INFO - Found Continue button with selector: button[type='submit']
2025-12-27 11:43:59,207 - INFO - Continue button clicked
2025-12-27 11:43:59,207 - INFO - Waiting for password field to appear...
2025-12-27 11:44:04,216 - INFO - Looking for password field...
2025-12-27 11:44:04,230 - INFO - Found password field with selector: input[name='password']
2025-12-27 11:44:04,263 - INFO - Password entered
2025-12-27 11:44:06,264 - INFO - Looking for final Continue/Login button...
2025-12-27 11:44:06,276 - INFO - Found login button with selector: button[type='submit']
2025-12-27 11:44:07,158 - INFO - Login button clicked
2025-12-27 11:44:12,158 - INFO - Waiting for login to complete...
2025-12-27 11:44:12,162 - INFO - Redirected to app.redbeam.com - login successful!
2025-12-27 11:44:17,166 - INFO - Login successful. Current URL: https://app.redbeam.com/g/0/Dashboard
2025-12-27 11:44:17,166 - INFO - Navigating to Reports page: https://app.redbeam.com/g/0/Reports/All Assets
2025-12-27 11:44:17,332 - INFO - Waiting for Reports page to load...
2025-12-27 11:44:32,343 - INFO - Waiting for report data to load...
2025-12-27 11:44:37,344 - INFO - Looking for export button (cloud icon with down arrow)...
2025-12-27 11:44:37,344 - INFO - Searching for buttons with SVG icons...
2025-12-27 11:44:37,353 - INFO - Found 31 buttons on the page
2025-12-27 11:44:38,081 - INFO - Searching for buttons near Records text...
2025-12-27 11:44:38,112 - INFO - Found button near Records text
2025-12-27 11:44:38,113 - INFO - Clicking export button...
2025-12-27 11:44:38,169 - INFO - Waiting for export menu to appear...
2025-12-27 11:44:48,290 - WARNING - Menu container not found with standard selector, continuing...
2025-12-27 11:44:50,291 - INFO - Looking for CSV export option...
2025-12-27 11:44:50,430 - INFO - Trying to find all menu items...
2025-12-27 11:44:50,437 - INFO - Found 0 menu items
2025-12-27 11:44:50,540 - ERROR - CSV export option not found. Screenshot and page source saved.
2025-12-27 11:44:50,541 - ERROR - Error exporting data: CSV export option not found in dropdown
2025-12-27 11:44:50,647 - ERROR - Scraper failed: CSV export option not found in dropdown
2025-12-27 11:44:52,808 - INFO - Browser closed
2025-12-27 12:03:05,186 - INFO - ==================================================
2025-12-27 12:03:05,186 - INFO - Starting Redbeam Scraper
2025-12-27 12:03:05,186 - INFO - ==================================================
2025-12-27 12:03:05,186 - INFO - ====== WebDriver manager ======
2025-12-27 12:03:06,521 - INFO - Get LATEST chromedriver version for google-chrome
2025-12-27 12:03:07,067 - INFO - Get LATEST chromedriver version for google-chrome
2025-12-27 12:03:07,318 - INFO - Driver [C:\Users\natec\.wdm\drivers\chromedriver\win64\143.0.7499.169\chromedriver-win32/chromedriver.exe] found in cache
2025-12-27 12:03:08,500 - INFO - Chrome driver initialized
2025-12-27 12:03:08,500 - INFO - Navigating to https://redbeam.com/login
2025-12-27 12:03:22,021 - INFO - Waiting for redirect to Auth0 login page...
2025-12-27 12:03:52,379 - INFO - No redirect detected, trying direct Auth0 login URL...
2025-12-27 12:03:55,649 - INFO - Waiting for Auth0 login page to load...
2025-12-27 12:04:10,668 - INFO - Current URL: https://login.app.redbeam.com/u/login/identifier?state=hKFo2SBkcWVBOVJ6MEpPdWdEVEJxRnFmRjNfaTVGNEs3WTBYU6Fur3VuaXZlcnNhbC1sb2dpbqN0aWTZIGxFUWh0LXBCY2ljQUx2NUNXOTdOR1llTHk2bXJBWVBNo2NpZNkgMHd4VHdCclh4Z0NwNEk0bXJSUkxBc3FaSVBHYkJFMGs
2025-12-27 12:04:10,669 - INFO - Detected Auth0 login page
2025-12-27 12:04:10,672 - INFO - Saved login page source to login_page_source.html
2025-12-27 12:04:10,674 - INFO - Looking for username field...
2025-12-27 12:04:10,698 - INFO - Found username field with selector: input[name='username']
2025-12-27 12:04:10,747 - INFO - Username entered
2025-12-27 12:04:12,747 - INFO - Looking for Continue button after username entry...
2025-12-27 12:04:12,763 - INFO - Found Continue button with selector: button[type='submit']
2025-12-27 12:04:13,588 - INFO - Continue button clicked
2025-12-27 12:04:13,588 - INFO - Waiting for password field to appear...
2025-12-27 12:04:18,596 - INFO - Looking for password field...
2025-12-27 12:04:18,613 - INFO - Found password field with selector: input[name='password']
2025-12-27 12:04:18,649 - INFO - Password entered
2025-12-27 12:04:20,650 - INFO - Looking for final Continue/Login button...
2025-12-27 12:04:20,664 - INFO - Found login button with selector: button[type='submit']
2025-12-27 12:04:21,670 - INFO - Login button clicked
2025-12-27 12:04:26,671 - INFO - Waiting for login to complete...
2025-12-27 12:04:26,674 - INFO - Redirected to app.redbeam.com - login successful!
2025-12-27 12:04:31,678 - INFO - Login successful. Current URL: https://app.redbeam.com/g/0/Dashboard
2025-12-27 12:04:31,678 - INFO - Navigating to Reports page: https://app.redbeam.com/g/0/Reports/All Assets
2025-12-27 12:04:31,827 - INFO - Waiting for Reports page to load...
2025-12-27 12:04:46,842 - INFO - Waiting for report data to load...
2025-12-27 12:04:51,843 - INFO - Looking for export button (cloud icon with down arrow)...
2025-12-27 12:04:51,843 - INFO - Searching for buttons with SVG icons...
2025-12-27 12:04:51,853 - INFO - Found 31 buttons on the page
2025-12-27 12:04:52,650 - INFO - Searching for buttons near Records text...
2025-12-27 12:04:52,683 - INFO - Found button near Records text
2025-12-27 12:04:52,683 - INFO - Clicking export button...
2025-12-27 12:04:52,748 - INFO - Waiting for export menu to appear...
2025-12-27 12:04:55,752 - WARNING - Menu not immediately found, waiting longer...
2025-12-27 12:04:57,754 - INFO - Looking for CSV export option...
2025-12-27 12:04:57,906 - INFO - Trying to find menu items using JavaScript (for React portals)...
2025-12-27 12:04:57,910 - INFO - Trying to find all menu items using Selenium...
2025-12-27 12:04:57,915 - INFO - Found 0 menu items
2025-12-27 12:04:58,025 - ERROR - CSV export option not found. Screenshot and page source saved.
2025-12-27 12:04:58,025 - ERROR - Error exporting data: CSV export option not found in dropdown
2025-12-27 12:04:58,137 - ERROR - Scraper failed: CSV export option not found in dropdown
2025-12-27 12:05:00,301 - INFO - Browser closed
2025-12-27 12:09:33,898 - INFO - ==================================================
2025-12-27 12:09:33,899 - INFO - Starting Redbeam Scraper
2025-12-27 12:09:33,899 - INFO - ==================================================
2025-12-27 12:09:33,899 - INFO - ====== WebDriver manager ======
2025-12-27 12:09:35,031 - INFO - Get LATEST chromedriver version for google-chrome
2025-12-27 12:09:35,297 - INFO - Get LATEST chromedriver version for google-chrome
2025-12-27 12:09:35,538 - INFO - Driver [C:\Users\natec\.wdm\drivers\chromedriver\win64\143.0.7499.169\chromedriver-win32/chromedriver.exe] found in cache
2025-12-27 12:09:36,714 - INFO - Chrome driver initialized
2025-12-27 12:09:36,714 - INFO - Navigating to https://redbeam.com/login
2025-12-27 12:09:39,527 - INFO - Waiting for redirect to Auth0 login page...
2025-12-27 12:10:09,872 - INFO - No redirect detected, trying direct Auth0 login URL...
2025-12-27 12:10:12,601 - INFO - Waiting for Auth0 login page to load...
2025-12-27 12:10:27,622 - INFO - Current URL: https://login.app.redbeam.com/u/login/identifier?state=hKFo2SA1U1lpZ09pbF82SVZEeEpmcHFhcFItTndkOG1ETUxHUKFur3VuaXZlcnNhbC1sb2dpbqN0aWTZIFR3MU5jRmw4X2RNOVNjNWVYWF9VMXpwbHZpZkFDODBMo2NpZNkgMHd4VHdCclh4Z0NwNEk0bXJSUkxBc3FaSVBHYkJFMGs
2025-12-27 12:10:27,622 - INFO - Detected Auth0 login page
2025-12-27 12:10:27,626 - INFO - Saved login page source to login_page_source.html
2025-12-27 12:10:27,626 - INFO - Looking for username field...
2025-12-27 12:10:27,648 - INFO - Found username field with selector: input[name='username']
2025-12-27 12:10:27,692 - INFO - Username entered
2025-12-27 12:10:29,693 - INFO - Looking for Continue button after username entry...
2025-12-27 12:10:29,706 - INFO - Found Continue button with selector: button[type='submit']
2025-12-27 12:10:30,056 - INFO - Continue button clicked
2025-12-27 12:10:30,056 - INFO - Waiting for password field to appear...
2025-12-27 12:10:35,064 - INFO - Looking for password field...
2025-12-27 12:10:35,079 - INFO - Found password field with selector: input[name='password']
2025-12-27 12:10:35,110 - INFO - Password entered
2025-12-27 12:10:37,111 - INFO - Looking for final Continue/Login button...
2025-12-27 12:10:37,123 - INFO - Found login button with selector: button[type='submit']
2025-12-27 12:10:37,890 - INFO - Login button clicked
2025-12-27 12:10:42,892 - INFO - Waiting for login to complete...
2025-12-27 12:10:42,897 - INFO - Redirected to app.redbeam.com - login successful!
2025-12-27 12:10:47,901 - INFO - Login successful. Current URL: https://app.redbeam.com/g/0/Dashboard
2025-12-27 12:10:47,901 - INFO - Navigating to Reports page: https://app.redbeam.com/g/0/Reports/All Assets
2025-12-27 12:10:48,613 - INFO - Waiting for Reports page to load...
2025-12-27 12:11:03,624 - INFO - Waiting for report data to load...
2025-12-27 12:11:08,624 - INFO - Looking for export button (cloud icon with down arrow)...
2025-12-27 12:11:08,624 - INFO - Searching for buttons with SVG icons...
2025-12-27 12:11:08,632 - INFO - Found 31 buttons on the page
2025-12-27 12:11:09,403 - INFO - Searching for buttons near Records text...
2025-12-27 12:11:09,435 - INFO - Found button near Records text
2025-12-27 12:11:09,435 - INFO - Clicking export button...
2025-12-27 12:11:09,497 - INFO - Waiting for export menu to appear...
2025-12-27 12:11:12,501 - WARNING - Menu not immediately found, waiting longer...
2025-12-27 12:11:14,502 - INFO - Looking for CSV export option...
2025-12-27 12:11:14,647 - INFO - Trying to find menu items using JavaScript (for React portals)...
2025-12-27 12:11:14,652 - INFO - Trying to find all menu items using Selenium...
2025-12-27 12:11:14,658 - INFO - Found 0 menu items
2025-12-27 12:11:14,761 - ERROR - CSV export option not found. Screenshot and page source saved.
2025-12-27 12:11:14,762 - ERROR - Error exporting data: CSV export option not found in dropdown
2025-12-27 12:11:14,870 - ERROR - Scraper failed: CSV export option not found in dropdown
2025-12-27 12:11:17,039 - INFO - Browser closed
2025-12-27 12:15:33,676 - INFO - ==================================================
2025-12-27 12:15:33,677 - INFO - Starting Redbeam Scraper
2025-12-27 12:15:33,677 - INFO - ==================================================
2025-12-27 12:15:33,677 - INFO - ====== WebDriver manager ======
2025-12-27 12:15:34,797 - INFO - Get LATEST chromedriver version for google-chrome
2025-12-27 12:15:35,077 - INFO - Get LATEST chromedriver version for google-chrome
2025-12-27 12:15:35,328 - INFO - Driver [C:\Users\natec\.wdm\drivers\chromedriver\win64\143.0.7499.169\chromedriver-win32/chromedriver.exe] found in cache
2025-12-27 12:15:36,503 - INFO - Chrome driver initialized
2025-12-27 12:15:36,503 - INFO - Navigating to https://redbeam.com/login
2025-12-27 12:15:40,398 - INFO - Waiting for redirect to Auth0 login page...
2025-12-27 12:16:10,744 - INFO - No redirect detected, trying direct Auth0 login URL...
2025-12-27 12:16:14,224 - INFO - Waiting for Auth0 login page to load...
2025-12-27 12:16:29,247 - INFO - Current URL: https://login.app.redbeam.com/u/login/identifier?state=hKFo2SBCdEM3Rm5Tb2JDemlBeURnWDZxN2hIendaRl9GOWRDVKFur3VuaXZlcnNhbC1sb2dpbqN0aWTZIFhyVms1bU55S2VOVzliam5JcENKcEdkSWxwRmxza3Zuo2NpZNkgMHd4VHdCclh4Z0NwNEk0bXJSUkxBc3FaSVBHYkJFMGs
2025-12-27 12:16:29,248 - INFO - Detected Auth0 login page
2025-12-27 12:16:29,251 - INFO - Saved login page source to login_page_source.html
2025-12-27 12:16:29,251 - INFO - Looking for username field...
2025-12-27 12:16:29,275 - INFO - Found username field with selector: input[name='username']
2025-12-27 12:16:29,318 - INFO - Username entered
2025-12-27 12:16:31,319 - INFO - Looking for Continue button after username entry...
2025-12-27 12:16:31,336 - INFO - Found Continue button with selector: button[type='submit']
2025-12-27 12:16:31,716 - INFO - Continue button clicked
2025-12-27 12:16:31,717 - INFO - Waiting for password field to appear...
2025-12-27 12:16:36,725 - INFO - Looking for password field...
2025-12-27 12:16:36,740 - INFO - Found password field with selector: input[name='password']
2025-12-27 12:16:36,771 - INFO - Password entered
2025-12-27 12:16:38,772 - INFO - Looking for final Continue/Login button...
2025-12-27 12:16:38,783 - INFO - Found login button with selector: button[type='submit']
2025-12-27 12:16:40,114 - INFO - Login button clicked
2025-12-27 12:16:45,115 - INFO - Waiting for login to complete...
2025-12-27 12:16:45,121 - INFO - Redirected to app.redbeam.com - login successful!
2025-12-27 12:16:50,168 - INFO - Login successful. Current URL: https://app.redbeam.com/g/0/Dashboard
2025-12-27 12:16:50,169 - INFO - Navigating to Reports page: https://app.redbeam.com/g/0/Reports/All Assets
2025-12-27 12:16:50,314 - INFO - Waiting for Reports page to load...
2025-12-27 12:17:05,333 - INFO - Waiting for report data to load...
2025-12-27 12:17:10,333 - INFO - Looking for export button (cloud icon with down arrow)...
2025-12-27 12:17:10,333 - INFO - Searching for buttons with SVG icons...
2025-12-27 12:17:10,342 - INFO - Found 31 buttons on the page
2025-12-27 12:17:11,026 - INFO - Searching for buttons near Records text...
2025-12-27 12:17:11,056 - INFO - Found button near Records text
2025-12-27 12:17:11,056 - INFO - Clicking export button...
2025-12-27 12:17:11,331 - INFO - Waiting for export menu to appear...
2025-12-27 12:17:15,342 - WARNING - Menu not found, but continuing to search for CSV option...
2025-12-27 12:17:17,343 - INFO - Looking for CSV export option...
2025-12-27 12:17:17,343 - INFO - Searching for CSV option using JavaScript...
2025-12-27 12:17:17,481 - INFO - Trying to find menu items using JavaScript (for React portals)...
2025-12-27 12:17:17,485 - INFO - Trying to find all menu items using Selenium...
2025-12-27 12:17:17,491 - INFO - Found 0 menu items
2025-12-27 12:17:17,597 - ERROR - CSV export option not found. Screenshot and page source saved.
2025-12-27 12:17:17,597 - ERROR - Error exporting data: CSV export option not found in dropdown
2025-12-27 12:17:17,722 - ERROR - Scraper failed: CSV export option not found in dropdown
2025-12-27 12:17:19,873 - INFO - Browser closed
2025-12-27 12:21:12,339 - INFO - ==================================================
2025-12-27 12:21:12,339 - INFO - Starting Redbeam Scraper
2025-12-27 12:21:12,339 - INFO - ==================================================
2025-12-27 12:21:12,340 - INFO - ====== WebDriver manager ======
2025-12-27 12:21:13,463 - INFO - Get LATEST chromedriver version for google-chrome
2025-12-27 12:21:13,754 - INFO - Get LATEST chromedriver version for google-chrome
2025-12-27 12:21:15,128 - INFO - Driver [C:\Users\natec\.wdm\drivers\chromedriver\win64\143.0.7499.169\chromedriver-win32/chromedriver.exe] found in cache
2025-12-27 12:21:16,448 - INFO - Chrome driver initialized
2025-12-27 12:21:16,448 - INFO - Navigating to https://redbeam.com/login
2025-12-27 12:21:21,471 - INFO - Waiting for redirect to Auth0 login page...
2025-12-27 12:21:51,824 - INFO - No redirect detected, trying direct Auth0 login URL...
2025-12-27 12:21:56,257 - INFO - Waiting for Auth0 login page to load...
2025-12-27 12:22:11,277 - INFO - Current URL: https://login.app.redbeam.com/u/login/identifier?state=hKFo2SBPVUNaTEpDVlQ3UlNuV0JleU9ONlB3U2RmOUNOSTAzY6Fur3VuaXZlcnNhbC1sb2dpbqN0aWTZIGFCU1R0WEY2Snozc09HNjlKaExzRnBlUUhOWHJHRzRVo2NpZNkgMHd4VHdCclh4Z0NwNEk0bXJSUkxBc3FaSVBHYkJFMGs
2025-12-27 12:22:11,277 - INFO - Detected Auth0 login page
2025-12-27 12:22:11,281 - INFO - Saved login page source to login_page_source.html
2025-12-27 12:22:11,282 - INFO - Looking for username field...
2025-12-27 12:22:11,308 - INFO - Found username field with selector: input[name='username']
2025-12-27 12:22:11,354 - INFO - Username entered
2025-12-27 12:22:13,355 - INFO - Looking for Continue button after username entry...
2025-12-27 12:22:13,374 - INFO - Found Continue button with selector: button[type='submit']
2025-12-27 12:22:13,730 - INFO - Continue button clicked
2025-12-27 12:22:13,730 - INFO - Waiting for password field to appear...
2025-12-27 12:22:18,738 - INFO - Looking for password field...
2025-12-27 12:22:18,753 - INFO - Found password field with selector: input[name='password']
2025-12-27 12:22:18,785 - INFO - Password entered
2025-12-27 12:22:20,786 - INFO - Looking for final Continue/Login button...
2025-12-27 12:22:20,799 - INFO - Found login button with selector: button[type='submit']
2025-12-27 12:22:21,861 - INFO - Login button clicked
2025-12-27 12:22:26,862 - INFO - Waiting for login to complete...
2025-12-27 12:22:26,865 - INFO - Redirected to app.redbeam.com - login successful!
2025-12-27 12:22:31,868 - INFO - Login successful. Current URL: https://app.redbeam.com/g/0/Dashboard
2025-12-27 12:22:31,869 - INFO - Navigating to Reports page: https://app.redbeam.com/g/0/Reports/All Assets
2025-12-27 12:22:32,020 - INFO - Waiting for Reports page to load...
2025-12-27 12:22:47,031 - INFO - Waiting for report data to load...
2025-12-27 12:22:52,031 - INFO - Looking for export button (cloud icon with down arrow)...
2025-12-27 12:22:52,031 - INFO - Searching for buttons with SVG icons...
2025-12-27 12:22:52,041 - INFO - Found 31 buttons on the page
2025-12-27 12:22:52,804 - INFO - Searching for buttons near Records text...
2025-12-27 12:22:52,835 - INFO - Found button near Records text
2025-12-27 12:22:52,835 - INFO - Clicking export button...
2025-12-27 12:22:53,113 - INFO - Waiting for export menu to appear...
2025-12-27 12:22:58,113 - INFO - Attempting keyboard navigation to select CSV option...
2025-12-27 12:23:00,165 - INFO - Selected CSV option using keyboard navigation
2025-12-27 12:23:05,167 - INFO - Checking for downloaded CSV file...
2025-12-27 12:24:05,236 - WARNING - CSV file not found after keyboard navigation, trying element search...
2025-12-27 12:24:05,236 - INFO - Trying element-based menu search...
2025-12-27 12:24:05,237 - INFO - Looking for CSV export option...
2025-12-27 12:24:05,237 - INFO - Searching for CSV option using JavaScript...
2025-12-27 12:24:05,385 - INFO - Trying to find menu items using JavaScript (for React portals)...
2025-12-27 12:24:05,388 - INFO - Trying to find all menu items using Selenium...
2025-12-27 12:24:05,395 - INFO - Found 0 menu items
2025-12-27 12:24:05,513 - ERROR - CSV export option not found. Screenshot and page source saved.
2025-12-27 12:24:05,513 - ERROR - Error exporting data: CSV export option not found in dropdown
2025-12-27 12:24:05,629 - ERROR - Scraper failed: CSV export option not found in dropdown
2025-12-27 12:24:07,796 - INFO - Browser closed
2025-12-27 12:26:24,966 - INFO - ==================================================
2025-12-27 12:26:24,966 - INFO - Starting Redbeam Scraper
2025-12-27 12:26:24,966 - INFO - ==================================================
2025-12-27 12:26:24,966 - INFO - ====== WebDriver manager ======
2025-12-27 12:26:26,424 - INFO - Get LATEST chromedriver version for google-chrome
2025-12-27 12:26:27,266 - INFO - Get LATEST chromedriver version for google-chrome
2025-12-27 12:26:27,505 - INFO - Driver [C:\Users\natec\.wdm\drivers\chromedriver\win64\143.0.7499.169\chromedriver-win32/chromedriver.exe] found in cache
2025-12-27 12:26:28,682 - INFO - Chrome driver initialized
2025-12-27 12:26:28,682 - INFO - Navigating to https://redbeam.com/login
2025-12-27 12:26:33,719 - INFO - Waiting for redirect to Auth0 login page...
2025-12-27 12:27:04,072 - INFO - No redirect detected, trying direct Auth0 login URL...
2025-12-27 12:27:07,631 - INFO - Waiting for Auth0 login page to load...
2025-12-27 12:27:22,658 - INFO - Current URL: https://login.app.redbeam.com/u/login/identifier?state=hKFo2SBnWVR0N2tKb1g1U1BOMlRVUkk0LUxnZTZ6c0dGallndKFur3VuaXZlcnNhbC1sb2dpbqN0aWTZIExoM01DUHF4N3A5eFBxT19JWWRZd3VYdjBoUmxJU0Foo2NpZNkgMHd4VHdCclh4Z0NwNEk0bXJSUkxBc3FaSVBHYkJFMGs
2025-12-27 12:27:22,658 - INFO - Detected Auth0 login page
2025-12-27 12:27:22,664 - INFO - Saved login page source to login_page_source.html
2025-12-27 12:27:22,664 - INFO - Looking for username field...
2025-12-27 12:27:22,688 - INFO - Found username field with selector: input[name='username']
2025-12-27 12:27:22,734 - INFO - Username entered
2025-12-27 12:27:24,735 - INFO - Looking for Continue button after username entry...
2025-12-27 12:27:24,755 - INFO - Found Continue button with selector: button[type='submit']
2025-12-27 12:27:25,200 - INFO - Continue button clicked
2025-12-27 12:27:25,200 - INFO - Waiting for password field to appear...
2025-12-27 12:27:30,208 - INFO - Looking for password field...
2025-12-27 12:27:30,224 - INFO - Found password field with selector: input[name='password']
2025-12-27 12:27:30,262 - INFO - Password entered
2025-12-27 12:27:32,263 - INFO - Looking for final Continue/Login button...
2025-12-27 12:27:32,290 - INFO - Found login button with selector: button[type='submit']
2025-12-27 12:27:33,948 - INFO - Login button clicked
2025-12-27 12:27:38,950 - INFO - Waiting for login to complete...
2025-12-27 12:27:38,953 - INFO - Redirected to app.redbeam.com - login successful!
2025-12-27 12:27:43,955 - INFO - Login successful. Current URL: https://app.redbeam.com/g/0/Dashboard
2025-12-27 12:27:43,956 - INFO - Navigating to Reports page: https://app.redbeam.com/g/0/Reports/All Assets
2025-12-27 12:27:44,106 - INFO - Waiting for Reports page to load...
2025-12-27 12:27:59,117 - INFO - Waiting for report data to load...
2025-12-27 12:28:04,118 - INFO - Looking for export button (cloud icon with down arrow)...
2025-12-27 12:28:04,118 - INFO - Searching for buttons with SVG icons...
2025-12-27 12:28:04,129 - INFO - Found 31 buttons on the page
2025-12-27 12:28:04,894 - INFO - Searching for buttons near Records text...
2025-12-27 12:28:04,927 - INFO - Found button near Records text
2025-12-27 12:28:04,927 - INFO - Clicking export button...
2025-12-27 12:28:05,200 - INFO - Waiting for export menu to appear...
2025-12-27 12:28:10,200 - INFO - Using keyboard navigation: Down arrow 3 times, then Enter...
2025-12-27 12:28:11,634 - INFO - Completed keyboard navigation: 3x Down Arrow + Enter
2025-12-27 12:28:16,635 - INFO - Checking for downloaded CSV file...
2025-12-27 12:29:16,685 - ERROR - Keyboard navigation failed: CSV file not found in Downloads folder after keyboard navigation
2025-12-27 12:29:16,772 - ERROR - Error exporting data: Failed to download CSV using keyboard navigation: CSV file not found in Downloads folder after keyboard navigation
2025-12-27 12:29:16,878 - ERROR - Scraper failed: Failed to download CSV using keyboard navigation: CSV file not found in Downloads folder after keyboard navigation
2025-12-27 12:29:19,034 - INFO - Browser closed
2025-12-27 13:48:02,833 - INFO - ==================================================
2025-12-27 13:48:02,833 - INFO - Starting Redbeam Scraper
2025-12-27 13:48:02,833 - INFO - ==================================================
2025-12-27 13:48:02,834 - INFO - ====== WebDriver manager ======
2025-12-27 13:48:03,758 - INFO - Get LATEST chromedriver version for google-chrome
2025-12-27 13:48:04,073 - INFO - Get LATEST chromedriver version for google-chrome
2025-12-27 13:48:04,310 - INFO - Driver [C:\Users\natec\.wdm\drivers\chromedriver\win64\143.0.7499.169\chromedriver-win32/chromedriver.exe] found in cache
2025-12-27 13:48:06,272 - INFO - Chrome driver initialized
2025-12-27 13:48:06,272 - INFO - Navigating to https://redbeam.com/login
2025-12-27 13:48:07,655 - INFO - Waiting for redirect to Auth0 login page...
2025-12-27 13:48:38,021 - INFO - No redirect detected, trying direct Auth0 login URL...
2025-12-27 13:48:39,353 - INFO - Waiting for Auth0 login page to load...
2025-12-27 13:48:54,373 - INFO - Current URL: https://login.app.redbeam.com/u/login/identifier?state=hKFo2SBlUXZxM3A2WFNXZEFfc0hQeC1NUjZWaW1qWGVSaHlkaaFur3VuaXZlcnNhbC1sb2dpbqN0aWTZIFh1RHhReFE5MF9PSGU3SGhkQ0tJMUg0SG55ZnZzZlA0o2NpZNkgMHd4VHdCclh4Z0NwNEk0bXJSUkxBc3FaSVBHYkJFMGs
2025-12-27 13:48:54,373 - INFO - Detected Auth0 login page
2025-12-27 13:48:54,377 - INFO - Saved login page source to login_page_source.html
2025-12-27 13:48:54,377 - INFO - Looking for username field...
2025-12-27 13:48:54,401 - INFO - Found username field with selector: input[name='username']
2025-12-27 13:48:54,445 - INFO - Username entered
2025-12-27 13:48:56,446 - INFO - Looking for Continue button after username entry...
2025-12-27 13:48:56,466 - INFO - Found Continue button with selector: button[type='submit']
2025-12-27 13:48:56,871 - INFO - Continue button clicked
2025-12-27 13:48:56,871 - INFO - Waiting for password field to appear...
2025-12-27 13:49:01,879 - INFO - Looking for password field...
2025-12-27 13:49:01,893 - INFO - Found password field with selector: input[name='password']
2025-12-27 13:49:01,924 - INFO - Password entered
2025-12-27 13:49:03,925 - INFO - Looking for final Continue/Login button...
2025-12-27 13:49:03,936 - INFO - Found login button with selector: button[type='submit']
2025-12-27 13:49:05,035 - INFO - Login button clicked
2025-12-27 13:49:10,036 - INFO - Waiting for login to complete...
2025-12-27 13:49:10,039 - INFO - Redirected to app.redbeam.com - login successful!
2025-12-27 13:49:15,044 - INFO - Login successful. Current URL: https://app.redbeam.com/g/0/Dashboard
2025-12-27 13:49:15,044 - INFO - Navigating to Reports page: https://app.redbeam.com/g/0/Reports/All Assets
2025-12-27 13:49:15,486 - INFO - Waiting for Reports page to load...
2025-12-27 13:49:30,499 - INFO - Waiting for report data to load...
2025-12-27 13:49:35,499 - INFO - Looking for export button (cloud icon with down arrow)...
2025-12-27 13:49:35,499 - INFO - Searching for buttons with SVG icons...
2025-12-27 13:49:35,508 - INFO - Found 31 buttons on the page
2025-12-27 13:49:36,198 - INFO - Searching for buttons near Records text...
2025-12-27 13:49:36,229 - INFO - Found button near Records text
2025-12-27 13:49:36,229 - INFO - Clicking export button...
2025-12-27 13:49:36,500 - INFO - Waiting for export menu to appear...
2025-12-27 13:49:41,501 - INFO - Using keyboard navigation: Down arrow 3 times, then Enter...
2025-12-27 13:49:42,931 - INFO - Completed keyboard navigation: 3x Down Arrow + Enter
2025-12-27 13:49:47,932 - INFO - Checking for downloaded CSV file...
2025-12-27 13:50:47,994 - ERROR - Keyboard navigation failed: CSV file not found in Downloads folder after keyboard navigation
2025-12-27 13:50:48,076 - ERROR - Error exporting data: Failed to download CSV using keyboard navigation: CSV file not found in Downloads folder after keyboard navigation
2025-12-27 13:50:48,181 - ERROR - Scraper failed: Failed to download CSV using keyboard navigation: CSV file not found in Downloads folder after keyboard navigation
2025-12-27 13:50:50,349 - INFO - Browser closed
